<?xml version="1.0" encoding="UTF-8"?>
<!-- Generated by org.testng.reporters.JUnitXMLReporter -->
<testsuite ignored="0" hostname="LAPTOP-THN35HTB" failures="5" tests="13" name="Default test" time="171.819" errors="0" timestamp="2026-04-21T14:37:43 IST">
  <testcase classname="io.cucumber.testng.AbstractTestNGCucumberTests" name="runScenario" time="6.1"/>
  <testcase classname="io.cucumber.testng.AbstractTestNGCucumberTests" name="runScenario" time="7.447"/>
  <testcase classname="io.cucumber.testng.AbstractTestNGCucumberTests" name="runScenario" time="15.976"/>
  <testcase classname="io.cucumber.testng.AbstractTestNGCucumberTests" name="runScenario" time="20.174">
    <failure type="java.lang.AssertionError" message="Assets screen not displayed">
      <![CDATA[java.lang.AssertionError: Assets screen not displayed
at com.framework.stepdefinitions.ContentSteps.verifyMenuScreen(ContentSteps.java:77)
at ✽."Assets" screen should be displayed(file:///D:/Software/Automation/AppAutomation/demoqa-android-automation/src/test/resources/features/Content.feature:24)
]]>
    </failure>
  </testcase> <!-- runScenario -->
  <testcase classname="io.cucumber.testng.AbstractTestNGCucumberTests" name="runScenario" time="19.469">
    <failure type="java.lang.AssertionError" message="Clipboard screen not displayed">
      <![CDATA[java.lang.AssertionError: Clipboard screen not displayed
at com.framework.stepdefinitions.ContentSteps.verifyMenuScreen(ContentSteps.java:77)
at ✽."Clipboard" screen should be displayed(file:///D:/Software/Automation/AppAutomation/demoqa-android-automation/src/test/resources/features/Content.feature:24)
]]>
    </failure>
  </testcase> <!-- runScenario -->
  <testcase classname="io.cucumber.testng.AbstractTestNGCucumberTests" name="runScenario" time="19.183">
    <failure type="java.lang.AssertionError" message="Provider screen not displayed">
      <![CDATA[java.lang.AssertionError: Provider screen not displayed
at com.framework.stepdefinitions.ContentSteps.verifyMenuScreen(ContentSteps.java:77)
at ✽."Provider" screen should be displayed(file:///D:/Software/Automation/AppAutomation/demoqa-android-automation/src/test/resources/features/Content.feature:24)
]]>
    </failure>
  </testcase> <!-- runScenario -->
  <testcase classname="io.cucumber.testng.AbstractTestNGCucumberTests" name="runScenario" time="9.113"/>
  <testcase classname="io.cucumber.testng.AbstractTestNGCucumberTests" name="runScenario" time="17.45">
    <failure type="org.openqa.selenium.NoSuchElementException" message="An element could not be located on the page using the given search parameters.
For documentation on this error, please visit: https://www.selenium.dev/documentation/webdriver/troubleshooting/errors#no-such-element-exception
Build info: version: &amp;apos;4.13.0&amp;apos;, revision: &amp;apos;ba948ece5b*&amp;apos;
System info: os.name: &amp;apos;Windows 11&amp;apos;, os.arch: &amp;apos;amd64&amp;apos;, os.version: &amp;apos;10.0&amp;apos;, java.version: &amp;apos;17.0.17&amp;apos;
Driver info: io.appium.java_client.android.AndroidDriver
Command: [3cdb4b95-2c0b-470a-b646-11b5807ebe28, findElement {using=accessibility id, value=API Demos}]
Capabilities {appium:app: D:\Software\Automation\AppA..., appium:appActivity: .ApiDemos, appium:appPackage: io.appium.android.apis, appium:autoGrantPermissions: true, appium:automationName: UiAutomator2, appium:databaseEnabled: false, appium:desired: {app: D:\Software\Automation\AppA..., appActivity: .ApiDemos, appPackage: io.appium.android.apis, autoGrantPermissions: true, automationName: UiAutomator2, deviceName: emulator-5554, noReset: false, platformName: ANDROID, systemPort: 8200, udid: emulator-5554}, appium:deviceApiLevel: 31, appium:deviceManufacturer: Google, appium:deviceModel: sdk_gphone64_x86_64, appium:deviceName: emulator-5554, appium:deviceScreenDensity: 420, appium:deviceScreenSize: 1080x1920, appium:deviceUDID: emulator-5554, appium:javascriptEnabled: true, appium:locationContextEnabled: false, appium:networkConnectionEnabled: true, appium:noReset: false, appium:pixelRatio: 2.625, appium:platformVersion: 12, appium:statBarHeight: 63, appium:systemPort: 8200, appium:takesScreenshot: true, appium:udid: emulator-5554, appium:viewportRect: {height: 1857, left: 0, top: 63, width: 1080}, appium:warnings: {}, appium:webStorageEnabled: false, platformName: ANDROID}
Session ID: 3cdb4b95-2c0b-470a-b646-11b5807ebe28">
      <![CDATA[org.openqa.selenium.NoSuchElementException: An element could not be located on the page using the given search parameters.
For documentation on this error, please visit: https://www.selenium.dev/documentation/webdriver/troubleshooting/errors#no-such-element-exception
Build info: version: '4.13.0', revision: 'ba948ece5b*'
System info: os.name: 'Windows 11', os.arch: 'amd64', os.version: '10.0', java.version: '17.0.17'
Driver info: io.appium.java_client.android.AndroidDriver
Command: [3cdb4b95-2c0b-470a-b646-11b5807ebe28, findElement {using=accessibility id, value=API Demos}]
Capabilities {appium:app: D:\Software\Automation\AppA..., appium:appActivity: .ApiDemos, appium:appPackage: io.appium.android.apis, appium:autoGrantPermissions: true, appium:automationName: UiAutomator2, appium:databaseEnabled: false, appium:desired: {app: D:\Software\Automation\AppA..., appActivity: .ApiDemos, appPackage: io.appium.android.apis, autoGrantPermissions: true, automationName: UiAutomator2, deviceName: emulator-5554, noReset: false, platformName: ANDROID, systemPort: 8200, udid: emulator-5554}, appium:deviceApiLevel: 31, appium:deviceManufacturer: Google, appium:deviceModel: sdk_gphone64_x86_64, appium:deviceName: emulator-5554, appium:deviceScreenDensity: 420, appium:deviceScreenSize: 1080x1920, appium:deviceUDID: emulator-5554, appium:javascriptEnabled: true, appium:locationContextEnabled: false, appium:networkConnectionEnabled: true, appium:noReset: false, appium:pixelRatio: 2.625, appium:platformVersion: 12, appium:statBarHeight: 63, appium:systemPort: 8200, appium:takesScreenshot: true, appium:udid: emulator-5554, appium:viewportRect: {height: 1857, left: 0, top: 63, width: 1080}, appium:warnings: {}, appium:webStorageEnabled: false, platformName: ANDROID}
Session ID: 3cdb4b95-2c0b-470a-b646-11b5807ebe28
at java.base/jdk.internal.reflect.NativeConstructorAccessorImpl.newInstance0(Native Method)
at java.base/jdk.internal.reflect.NativeConstructorAccessorImpl.newInstance(NativeConstructorAccessorImpl.java:77)
at java.base/jdk.internal.reflect.DelegatingConstructorAccessorImpl.newInstance(DelegatingConstructorAccessorImpl.java:45)
at java.base/java.lang.reflect.Constructor.newInstanceWithCaller(Constructor.java:500)
at java.base/java.lang.reflect.Constructor.newInstance(Constructor.java:481)
at org.openqa.selenium.remote.codec.w3c.W3CHttpResponseCodec.createException(W3CHttpResponseCodec.java:200)
at org.openqa.selenium.remote.codec.w3c.W3CHttpResponseCodec.decode(W3CHttpResponseCodec.java:133)
at org.openqa.selenium.remote.codec.w3c.W3CHttpResponseCodec.decode(W3CHttpResponseCodec.java:52)
at org.openqa.selenium.remote.HttpCommandExecutor.execute(HttpCommandExecutor.java:191)
at io.appium.java_client.remote.AppiumCommandExecutor.execute(AppiumCommandExecutor.java:250)
at org.openqa.selenium.remote.RemoteWebDriver.execute(RemoteWebDriver.java:602)
at org.openqa.selenium.remote.ElementLocation$ElementFinder$2.findElement(ElementLocation.java:165)
at org.openqa.selenium.remote.ElementLocation.findElement(ElementLocation.java:59)
at org.openqa.selenium.remote.RemoteWebDriver.findElement(RemoteWebDriver.java:359)
at org.openqa.selenium.remote.RemoteWebDriver.findElement(RemoteWebDriver.java:353)
at com.framework.screens.android.ContentPage.isHomeScreenDisplayed(ContentPage.java:84)
at com.framework.stepdefinitions.ContentSteps.verifyHomeScreen(ContentSteps.java:84)
at ✽.user should be on home screen(file:///D:/Software/Automation/AppAutomation/demoqa-android-automation/src/test/resources/features/Content.feature:37)
]]>
    </failure>
  </testcase> <!-- runScenario -->
  <testcase classname="io.cucumber.testng.AbstractTestNGCucumberTests" name="runScenario" time="6.605"/>
  <testcase classname="io.cucumber.testng.AbstractTestNGCucumberTests" name="runScenario" time="12.52"/>
  <testcase classname="io.cucumber.testng.AbstractTestNGCucumberTests" name="runScenario" time="5.576"/>
  <testcase classname="io.cucumber.testng.AbstractTestNGCucumberTests" name="runScenario" time="15.09"/>
  <testcase classname="io.cucumber.testng.AbstractTestNGCucumberTests" name="runScenario" time="16.867">
    <failure type="org.openqa.selenium.NoSuchElementException" message="An element could not be located on the page using the given search parameters.
For documentation on this error, please visit: https://www.selenium.dev/documentation/webdriver/troubleshooting/errors#no-such-element-exception
Build info: version: &amp;apos;4.13.0&amp;apos;, revision: &amp;apos;ba948ece5b*&amp;apos;
System info: os.name: &amp;apos;Windows 11&amp;apos;, os.arch: &amp;apos;amd64&amp;apos;, os.version: &amp;apos;10.0&amp;apos;, java.version: &amp;apos;17.0.17&amp;apos;
Driver info: io.appium.java_client.android.AndroidDriver
Command: [7ac4b7a6-d419-4bce-8bc2-bc1793656813, findElement {using=accessibility id, value=Content}]
Capabilities {appium:app: D:\Software\Automation\AppA..., appium:appActivity: .ApiDemos, appium:appPackage: io.appium.android.apis, appium:autoGrantPermissions: true, appium:automationName: UiAutomator2, appium:databaseEnabled: false, appium:desired: {app: D:\Software\Automation\AppA..., appActivity: .ApiDemos, appPackage: io.appium.android.apis, autoGrantPermissions: true, automationName: UiAutomator2, deviceName: emulator-5554, noReset: false, platformName: ANDROID, systemPort: 8200, udid: emulator-5554}, appium:deviceApiLevel: 31, appium:deviceManufacturer: Google, appium:deviceModel: sdk_gphone64_x86_64, appium:deviceName: emulator-5554, appium:deviceScreenDensity: 420, appium:deviceScreenSize: 1080x1920, appium:deviceUDID: emulator-5554, appium:javascriptEnabled: true, appium:locationContextEnabled: false, appium:networkConnectionEnabled: true, appium:noReset: false, appium:pixelRatio: 2.625, appium:platformVersion: 12, appium:statBarHeight: 63, appium:systemPort: 8200, appium:takesScreenshot: true, appium:udid: emulator-5554, appium:viewportRect: {height: 1857, left: 0, top: 63, width: 1080}, appium:warnings: {}, appium:webStorageEnabled: false, platformName: ANDROID}
Session ID: 7ac4b7a6-d419-4bce-8bc2-bc1793656813">
      <![CDATA[org.openqa.selenium.NoSuchElementException: An element could not be located on the page using the given search parameters.
For documentation on this error, please visit: https://www.selenium.dev/documentation/webdriver/troubleshooting/errors#no-such-element-exception
Build info: version: '4.13.0', revision: 'ba948ece5b*'
System info: os.name: 'Windows 11', os.arch: 'amd64', os.version: '10.0', java.version: '17.0.17'
Driver info: io.appium.java_client.android.AndroidDriver
Command: [7ac4b7a6-d419-4bce-8bc2-bc1793656813, findElement {using=accessibility id, value=Content}]
Capabilities {appium:app: D:\Software\Automation\AppA..., appium:appActivity: .ApiDemos, appium:appPackage: io.appium.android.apis, appium:autoGrantPermissions: true, appium:automationName: UiAutomator2, appium:databaseEnabled: false, appium:desired: {app: D:\Software\Automation\AppA..., appActivity: .ApiDemos, appPackage: io.appium.android.apis, autoGrantPermissions: true, automationName: UiAutomator2, deviceName: emulator-5554, noReset: false, platformName: ANDROID, systemPort: 8200, udid: emulator-5554}, appium:deviceApiLevel: 31, appium:deviceManufacturer: Google, appium:deviceModel: sdk_gphone64_x86_64, appium:deviceName: emulator-5554, appium:deviceScreenDensity: 420, appium:deviceScreenSize: 1080x1920, appium:deviceUDID: emulator-5554, appium:javascriptEnabled: true, appium:locationContextEnabled: false, appium:networkConnectionEnabled: true, appium:noReset: false, appium:pixelRatio: 2.625, appium:platformVersion: 12, appium:statBarHeight: 63, appium:systemPort: 8200, appium:takesScreenshot: true, appium:udid: emulator-5554, appium:viewportRect: {height: 1857, left: 0, top: 63, width: 1080}, appium:warnings: {}, appium:webStorageEnabled: false, platformName: ANDROID}
Session ID: 7ac4b7a6-d419-4bce-8bc2-bc1793656813
at java.base/jdk.internal.reflect.NativeConstructorAccessorImpl.newInstance0(Native Method)
at java.base/jdk.internal.reflect.NativeConstructorAccessorImpl.newInstance(NativeConstructorAccessorImpl.java:77)
at java.base/jdk.internal.reflect.DelegatingConstructorAccessorImpl.newInstance(DelegatingConstructorAccessorImpl.java:45)
at java.base/java.lang.reflect.Constructor.newInstanceWithCaller(Constructor.java:500)
at java.base/java.lang.reflect.Constructor.newInstance(Constructor.java:481)
at org.openqa.selenium.remote.codec.w3c.W3CHttpResponseCodec.createException(W3CHttpResponseCodec.java:200)
at org.openqa.selenium.remote.codec.w3c.W3CHttpResponseCodec.decode(W3CHttpResponseCodec.java:133)
at org.openqa.selenium.remote.codec.w3c.W3CHttpResponseCodec.decode(W3CHttpResponseCodec.java:52)
at org.openqa.selenium.remote.HttpCommandExecutor.execute(HttpCommandExecutor.java:191)
at io.appium.java_client.remote.AppiumCommandExecutor.execute(AppiumCommandExecutor.java:250)
at org.openqa.selenium.remote.RemoteWebDriver.execute(RemoteWebDriver.java:602)
at org.openqa.selenium.remote.ElementLocation$ElementFinder$2.findElement(ElementLocation.java:165)
at org.openqa.selenium.remote.ElementLocation.findElement(ElementLocation.java:59)
at org.openqa.selenium.remote.RemoteWebDriver.findElement(RemoteWebDriver.java:359)
at org.openqa.selenium.remote.RemoteWebDriver.findElement(RemoteWebDriver.java:353)
at com.framework.screens.android.ContentPage.measureLoadTime(ContentPage.java:108)
at com.framework.stepdefinitions.ContentSteps.performanceCheck(ContentSteps.java:115)
at ✽.screen should load within acceptable time(file:///D:/Software/Automation/AppAutomation/demoqa-android-automation/src/test/resources/features/Content.feature:61)
]]>
    </failure>
  </testcase> <!-- runScenario -->
</testsuite> <!-- Default test -->
