<?xml version="1.0" encoding="UTF-8"?>
<testsuite xmlns:xsi="http://www.w3.org/2001/XMLSchema-instance" xsi:noNamespaceSchemaLocation="https://maven.apache.org/surefire/maven-surefire-plugin/xsd/surefire-test-report.xsd" version="3.0.1" name="TestSuite" time="43.805" tests="3" errors="0" skipped="0" failures="0">
  <properties>
[...]
</properties>
  <testcase name="runScenario[&quot;Verify app launch&quot;, &quot;App Launch&quot;](1)" classname="com.runner.TestRunner" time="9.571">
    <system-out><![CDATA[
Scenario: Verify app launch                     # src/test/resources/features/AppLaunch.feature:3
🚀 Starting Appium Driver...
✅ Driver initialized for device: emulator-5554
Application launched
  Given User launches the application           # com.framework.stepdefinitions.AppLaunchSteps.user_launches_the_application()
  Then User should see the ApiDemos home screen # com.framework.stepdefinitions.AppLaunchSteps.user_should_see_the_home_screen()
🛑 Closing Driver...
]]></system-out>
    <system-err><![CDATA[SLF4J: No SLF4J providers were found.
SLF4J: Defaulting to no-operation (NOP) logger implementation
SLF4J: See https://www.slf4j.org/codes.html#noProviders for further details.
ERROR StatusLogger Log4j2 could not find a logging implementation. Please add log4j-core to the classpath. Using SimpleLogger to log to the console...
]]></system-err>
  </testcase>
  <testcase name="runScenario[&quot;Verify user can navigate to Content screen&quot;, &quot;Content Screen Validation in API Demos App&quot;](2)" classname="com.runner.TestRunner" time="6.854">
    <system-out><![CDATA[
@smoke @navigation
Scenario: Verify user can navigate to Content screen # src/test/resources/features/Content.feature:7
🚀 Starting Appium Driver...
✅ Driver initialized for device: emulator-5554
App launched
  Given the app is launched successfully             # com.framework.stepdefinitions.ContentSteps.appLaunched()
  When user taps on "Content"                        # com.framework.stepdefinitions.ContentSteps.userTapsOn(java.lang.String)
  Then Content screen should be displayed            # com.framework.stepdefinitions.ContentSteps.verifyContentScreen()
🛑 Closing Driver...
]]></system-out>
  </testcase>
  <testcase name="runScenario[&quot;Verify all options are visible in Content screen&quot;, &quot;Content Screen Validation in API Demos App&quot;](3)" classname="com.runner.TestRunner" time="6.988">
    <system-out><![CDATA[
@ui
Scenario: Verify all options are visible in Content screen # src/test/resources/features/Content.feature:12
🚀 Starting Appium Driver...
✅ Driver initialized for device: emulator-5554
App launched
  Given the app is launched successfully                   # com.framework.stepdefinitions.ContentSteps.appLaunched()
  When user taps on "Content"                              # com.framework.stepdefinitions.ContentSteps.userTapsOn(java.lang.String)
  Then the following options should be visible:            # com.framework.stepdefinitions.ContentSteps.verifyOptions(io.cucumber.datatable.DataTable)
    | Assets    |
    | Clipboard |
    | Provider  |
    | Resources |
🛑 Closing Driver...
]]></system-out>
  </testcase>
</testsuite>